<?xml version="1.0" encoding="UTF-8"?>
<testsuite name="org.huang.flink.entrypoint.JavaApiTest" tests="1" skipped="0" failures="0" errors="0" timestamp="2023-08-01T06:00:39" hostname="LPSCHN22L0317" time="0.002">
  <properties/>
  <testcase name="testFileBasePath" classname="org.huang.flink.entrypoint.JavaApiTest" time="0.002"/>
  <system-out><![CDATA[D:\study\flink\hello-flink\entrypoint\session\.
]]></system-out>
  <system-err><![CDATA[]]></system-err>
</testsuite>
